app-BACKUP/build/intermediates/manifest_merge_blame_file/debug/manifest-merger-blame-debug-report.txt
1<?xml version="1.0" encoding="utf-8"?>
2<manifest xmlns:android="http://schemas.android.com/apk/res/android"
3    package="com.custom.xtreamplayer"
4    android:versionCode="1"
5    android:versionName="1.0" >
6
7    <uses-sdk
8        android:minSdkVersion="21"
9        android:targetSdkVersion="34" />
10
11    <uses-permission android:name="android.permission.INTERNET" />
11-->src/main/AndroidManifest.xml:5:5-67
11-->src/main/AndroidManifest.xml:5:22-64
12    <uses-permission android:name="android.permission.ACCESS_NETWORK_STATE" />
12-->src/main/AndroidManifest.xml:6:5-79
12-->src/main/AndroidManifest.xml:6:22-76
13
14    <uses-feature
14-->src/main/AndroidManifest.xml:8:5-10:36
15        android:name="android.hardware.touchscreen"
15-->src/main/AndroidManifest.xml:9:9-52
16        android:required="false" />
16-->src/main/AndroidManifest.xml:10:9-33
17    <uses-feature
17-->src/main/AndroidManifest.xml:11:5-13:36
18        android:name="android.software.leanback"
18-->src/main/AndroidManifest.xml:12:9-49
19        android:required="false" />
19-->src/main/AndroidManifest.xml:13:9-33
20
21    <permission
21-->[androidx.core:core:1.12.0] AndroidManifest.xml:22:5-24:47
22        android:name="com.custom.xtreamplayer.DYNAMIC_RECEIVER_NOT_EXPORTED_PERMISSION"
22-->[androidx.core:core:1.12.0] AndroidManifest.xml:23:9-81
23        android:protectionLevel="signature" />
23-->[androidx.core:core:1.12.0] AndroidManifest.xml:24:9-44
24
25    <uses-permission android:name="com.custom.xtreamplayer.DYNAMIC_RECEIVER_NOT_EXPORTED_PERMISSION" />
25-->[androidx.core:core:1.12.0] AndroidManifest.xml:26:5-97
25-->[androidx.core:core:1.12.0] AndroidManifest.xml:26:22-94
26
27    <application
27-->src/main/AndroidManifest.xml:15:5-43:19
28        android:allowBackup="true"
28-->src/main/AndroidManifest.xml:16:9-35
29        android:appComponentFactory="androidx.core.app.CoreComponentFactory"
29-->[androidx.core:core:1.12.0] AndroidManifest.xml:28:18-86
30        android:dataExtractionRules="@xml/data_extraction_rules"
30-->src/main/AndroidManifest.xml:17:9-65
31        android:debuggable="true"
32        android:extractNativeLibs="true"
33        android:fullBackupContent="@xml/backup_rules"
33-->src/main/AndroidManifest.xml:18:9-54
34        android:icon="@android:drawable/sym_def_app_icon"
34-->src/main/AndroidManifest.xml:19:9-58
35        android:label="@string/app_name"
35-->src/main/AndroidManifest.xml:21:9-41
36        android:roundIcon="@android:drawable/sym_def_app_icon"
36-->src/main/AndroidManifest.xml:20:9-63
37        android:supportsRtl="true"
37-->src/main/AndroidManifest.xml:22:9-35
38        android:theme="@style/Theme.AppCompat.Light.NoActionBar"
38-->src/main/AndroidManifest.xml:23:9-65
39        android:usesCleartextTraffic="true" >
39-->src/main/AndroidManifest.xml:24:9-44
40        <activity
40-->src/main/AndroidManifest.xml:27:9-35:20
41            android:name="com.custom.xtreamplayer.SplashActivity"
41-->src/main/AndroidManifest.xml:28:13-43
42            android:exported="true" >
42-->src/main/AndroidManifest.xml:29:13-36
43            <intent-filter>
43-->src/main/AndroidManifest.xml:30:13-34:29
44                <action android:name="android.intent.action.MAIN" />
44-->src/main/AndroidManifest.xml:31:17-69
44-->src/main/AndroidManifest.xml:31:25-66
45
46                <category android:name="android.intent.category.LAUNCHER" />
46-->src/main/AndroidManifest.xml:32:17-77
46-->src/main/AndroidManifest.xml:32:27-74
47                <category android:name="android.intent.category.LEANBACK_LAUNCHER" />
47-->src/main/AndroidManifest.xml:33:17-86
47-->src/main/AndroidManifest.xml:33:27-83
48            </intent-filter>
49        </activity>
50        <activity
50-->src/main/AndroidManifest.xml:37:9-74
51            android:name="com.custom.xtreamplayer.MainActivity"
51-->src/main/AndroidManifest.xml:37:19-47
52            android:exported="true" />
52-->src/main/AndroidManifest.xml:37:48-71
53        <activity
53-->src/main/AndroidManifest.xml:38:9-80
54            android:name="com.custom.xtreamplayer.DashboardActivity"
54-->src/main/AndroidManifest.xml:38:19-52
55            android:exported="false" />
55-->src/main/AndroidManifest.xml:38:53-77
56        <activity
56-->src/main/AndroidManifest.xml:39:9-81
57            android:name="com.custom.xtreamplayer.CategoriesActivity"
57-->src/main/AndroidManifest.xml:39:19-53
58            android:exported="false" />
58-->src/main/AndroidManifest.xml:39:54-78
59        <activity
59-->src/main/AndroidManifest.xml:40:9-77
60            android:name="com.custom.xtreamplayer.PlayerActivity"
60-->src/main/AndroidManifest.xml:40:19-49
61            android:exported="false" />
61-->src/main/AndroidManifest.xml:40:50-74
62        <activity
62-->src/main/AndroidManifest.xml:41:9-77
63            android:name="com.custom.xtreamplayer.LiveTvActivity"
63-->src/main/AndroidManifest.xml:41:19-49
64            android:exported="false" />
64-->src/main/AndroidManifest.xml:41:50-74
65
66        <service
66-->[androidx.room:room-runtime:2.6.1] AndroidManifest.xml:24:9-28:63
67            android:name="androidx.room.MultiInstanceInvalidationService"
67-->[androidx.room:room-runtime:2.6.1] AndroidManifest.xml:25:13-74
68            android:directBootAware="true"
68-->[androidx.room:room-runtime:2.6.1] AndroidManifest.xml:26:13-43
69            android:exported="false" />
69-->[androidx.room:room-runtime:2.6.1] AndroidManifest.xml:27:13-37
70
71        <provider
71-->[androidx.emoji2:emoji2:1.2.0] AndroidManifest.xml:24:9-32:20
72            android:name="androidx.startup.InitializationProvider"
72-->[androidx.emoji2:emoji2:1.2.0] AndroidManifest.xml:25:13-67
73            android:authorities="com.custom.xtreamplayer.androidx-startup"
73-->[androidx.emoji2:emoji2:1.2.0] AndroidManifest.xml:26:13-68
74            android:exported="false" >
74-->[androidx.emoji2:emoji2:1.2.0] AndroidManifest.xml:27:13-37
75            <meta-data
75-->[androidx.emoji2:emoji2:1.2.0] AndroidManifest.xml:29:13-31:52
76                android:name="androidx.emoji2.text.EmojiCompatInitializer"
76-->[androidx.emoji2:emoji2:1.2.0] AndroidManifest.xml:30:17-75
77                android:value="androidx.startup" />
77-->[androidx.emoji2:emoji2:1.2.0] AndroidManifest.xml:31:17-49
78            <meta-data
78-->[androidx.lifecycle:lifecycle-process:2.6.2] AndroidManifest.xml:29:13-31:52
79                android:name="androidx.lifecycle.ProcessLifecycleInitializer"
79-->[androidx.lifecycle:lifecycle-process:2.6.2] AndroidManifest.xml:30:17-78
80                android:value="androidx.startup" />
80-->[androidx.lifecycle:lifecycle-process:2.6.2] AndroidManifest.xml:31:17-49
81            <meta-data
81-->[androidx.profileinstaller:profileinstaller:1.3.1] AndroidManifest.xml:29:13-31:52
82                android:name="androidx.profileinstaller.ProfileInstallerInitializer"
82-->[androidx.profileinstaller:profileinstaller:1.3.1] AndroidManifest.xml:30:17-85
83                android:value="androidx.startup" />
83-->[androidx.profileinstaller:profileinstaller:1.3.1] AndroidManifest.xml:31:17-49
84        </provider>
85
86        <receiver
86-->[androidx.profileinstaller:profileinstaller:1.3.1] AndroidManifest.xml:34:9-52:20
87            android:name="androidx.profileinstaller.ProfileInstallReceiver"
87-->[androidx.profileinstaller:profileinstaller:1.3.1] AndroidManifest.xml:35:13-76
88            android:directBootAware="false"
88-->[androidx.profileinstaller:profileinstaller:1.3.1] AndroidManifest.xml:36:13-44
89            android:enabled="true"
89-->[androidx.profileinstaller:profileinstaller:1.3.1] AndroidManifest.xml:37:13-35
90            android:exported="true"
90-->[androidx.profileinstaller:profileinstaller:1.3.1] AndroidManifest.xml:38:13-36
91            android:permission="android.permission.DUMP" >
91-->[androidx.profileinstaller:profileinstaller:1.3.1] AndroidManifest.xml:39:13-57
92            <intent-filter>
92-->[androidx.profileinstaller:profileinstaller:1.3.1] AndroidManifest.xml:40:13-42:29
93                <action android:name="androidx.profileinstaller.action.INSTALL_PROFILE" />
93-->[androidx.profileinstaller:profileinstaller:1.3.1] AndroidManifest.xml:41:17-91
93-->[androidx.profileinstaller:profileinstaller:1.3.1] AndroidManifest.xml:41:25-88
94            </intent-filter>
95            <intent-filter>
95-->[androidx.profileinstaller:profileinstaller:1.3.1] AndroidManifest.xml:43:13-45:29
96                <action android:name="androidx.profileinstaller.action.SKIP_FILE" />
96-->[androidx.profileinstaller:profileinstaller:1.3.1] AndroidManifest.xml:44:17-85
96-->[androidx.profileinstaller:profileinstaller:1.3.1] AndroidManifest.xml:44:25-82
97            </intent-filter>
98            <intent-filter>
98-->[androidx.profileinstaller:profileinstaller:1.3.1] AndroidManifest.xml:46:13-48:29
99                <action android:name="androidx.profileinstaller.action.SAVE_PROFILE" />
99-->[androidx.profileinstaller:profileinstaller:1.3.1] AndroidManifest.xml:47:17-88
99-->[androidx.profileinstaller:profileinstaller:1.3.1] AndroidManifest.xml:47:25-85
100            </intent-filter>
101            <intent-filter>
101-->[androidx.profileinstaller:profileinstaller:1.3.1] AndroidManifest.xml:49:13-51:29
102                <action android:name="androidx.profileinstaller.action.BENCHMARK_OPERATION" />
102-->[androidx.profileinstaller:profileinstaller:1.3.1] AndroidManifest.xml:50:17-95
102-->[androidx.profileinstaller:profileinstaller:1.3.1] AndroidManifest.xml:50:25-92
103            </intent-filter>
104        </receiver>
105    </application>
106
107</manifest>